BUILD: Computing Include file dependencies:
BUILD: Examining m:\rsync1\src\filedisk\sys\dimage directory for files to compile.
Compiling (NoSync) m:\rsync1\src\filedisk\sys\dimage directory ********************
1>'nmake.exe /nologo BUILDMSG=Stop. -i NTTEST= UMTEST= NOLINK=1 NOPASS0=1 PASS1_NOLIB=1 386=1'
1>BUILDMSG: Processing m:\rsync1\src\filedisk\sys\dimage
1>    rc -l 409 -DSXS_ASSEMBLY_NAME=""""""  -DSXS_ASSEMBLY_LANGUAGE=""""""  -DSXS_PROCESSOR_ARCHITECTURE="""x86"""  -DSXS_TARGET="""dimage.sys"""   -DSYSTEM_COMPATIBLE_ASSEMBLY_NAME="""Microsoft.Windows.SystemCompatible"""  -DLSYSTEM_COMPATIBLE_ASSEMBLY_NAME=L"""Microsoft.Windows.SystemCompatible"""   -DSXS_ASSEMBLY_VERSION="""""" -z "MS Sans Serif,Helv/MS Shell Dlg"  -r -fo objfre_wxp_x86\i386\dimage.res -D_X86_=1 -Di386=1  -DSTD_CALL -DCONDITION_HANDLING=1   -DNT_INST=0 -DWIN32=100 -D_NT1X_=100 -DWINNT=1 -D_WIN32_WINNT=0x0501 /DWINVER=0x0501 -D_WIN32_IE=0x0603    -DWIN32_LEAN_AND_MEAN=1 -DDEVL=1 -D__BUILDMACHINE__=WinDDK -DFPO=0  -DNDEBUG -D_DLL=1    -IJ:\PROGRA~1\WINDDK\3790~1.183\inc\mfc42 -I. -Iobjfre_wxp_x86\i386 -IJ:\PROGRA~1\WINDDK\3790~1.183\inc\wxp -IJ:\PROGRA~1\WINDDK\3790~1.183\inc\wxp -IJ:\PROGRA~1\WINDDK\3790~1.183\inc\ddk\wxp -IJ:\PROGRA~1\WINDDK\3790~1.183\inc\ddk\wdm\wxp -IJ:\PROGRA~1\WINDDK\3790~1.183\inc\crt .\dimage.rc
1>cl -nologo -Ii386\ -I. -IJ:\PROGRA~1\WINDDK\3790~1.183\inc\mfc42 -I. -Iobjfre_wxp_x86\i386 -IJ:\PROGRA~1\WINDDK\3790~1.183\inc\wxp -IJ:\PROGRA~1\WINDDK\3790~1.183\inc\wxp -IJ:\PROGRA~1\WINDDK\3790~1.183\inc\ddk\wxp -IJ:\PROGRA~1\WINDDK\3790~1.183\inc\ddk\wdm\wxp -IJ:\PROGRA~1\WINDDK\3790~1.183\inc\crt -D_X86_=1 -Di386=1  -DSTD_CALL -DCONDITION_HANDLING=1   -DNT_INST=0 -DWIN32=100 -D_NT1X_=100 -DWINNT=1 -D_WIN32_WINNT=0x0501 /DWINVER=0x0501 -D_WIN32_IE=0x0603    -DWIN32_LEAN_AND_MEAN=1 -DDEVL=1 -D__BUILDMACHINE__=WinDDK -DFPO=0  -DNDEBUG -D_DLL=1      /c /Zl /Zp8 /Gy /Gm- -cbstring /W3 /WX /Gz  /GX-  /GR- /GF /GS /G6 /Ze /Gi- /QIfdiv- /hotpatch -Z7 /Oxs  /Oy-   -FIJ:\PROGRA~1\WINDDK\3790~1.183\inc\wxp\warning.h   .\dimage.c 
1>dimage.c
1>
1>Stop.
TESTING: Number of dirs done build libs 0 out of  1Compiling  m:\rsync1\src\filedisk\sys\dimage directory ********************
101>'nmake.exe /nologo BUILDMSG=Stop. -i NTTEST= UMTEST= NOLINK=1 NOPASS0=1 386=1'
101>BUILDMSG: Processing m:\rsync1\src\filedisk\sys\dimage
101>
101>Stop.
Linking m:\rsync1\src\filedisk\sys\dimage directory ********************
1>'nmake.exe /nologo BUILDMSG=Stop. -i LINKONLY=1 NOPASS0=1 NTTEST= UMTEST= 386=1'
1>BUILDMSG: Processing m:\rsync1\src\filedisk\sys\dimage
1>	link -out:.\i386\dimage.sys -machine:ix86 @J:\DOCUME~1\MELANN~1\LOCALS~1\Temp\nm12.tmp
1>Microsoft (R) Incremental Linker Version 7.10.4035
1>Copyright (C) Microsoft Corporation.  All rights reserved.
1>
1>-MERGE:_PAGE=PAGE 
1>-MERGE:_TEXT=.text 
1>-SECTION:INIT,d 
1>-OPT:REF 
1>-OPT:ICF 
1>-IGNORE:4198,4010,4037,4039,4065,4070,4078,4087,4089,4221 
1>-INCREMENTAL:NO 
1>-FULLBUILD 
1>/release 
1>-NODEFAULTLIB 
1>/WX 
1>-debug 
1>-debugtype:cv 
1>-version:5.1 
1>-osversion:5.1 
1>/functionpadmin:5 
1>/safeseh 
1>/pdbcompress 
1>-STACK:0x40000,0x1000 
1>-driver 
1>-base:0x10000 
1>-align:0x80 /stub:J:\PROGRA~1\WINDDK\3790~1.183\lib\wxp\stub512.com 
1>-subsystem:native,5.01 
1>-entry:GsDriverEntry@8 
1>-out:.\i386\dimage.sys 
1>objfre_wxp_x86\i386\dimage.res 
1>objfre_wxp_x86\i386\dimage.obj 
1>J:\PROGRA~1\WINDDK\3790~1.183\lib\wxp\i386\BufferOverflowK.lib 
1>J:\PROGRA~1\WINDDK\3790~1.183\lib\wxp\i386\ntoskrnl.lib 
1>J:\PROGRA~1\WINDDK\3790~1.183\lib\wxp\i386\hal.lib 
1>J:\PROGRA~1\WINDDK\3790~1.183\lib\wxp\i386\wmilib.lib 
1>J:\PROGRA~1\WINDDK\3790~1.183\lib\wxp\i386\sehupd.lib 
1>	echo Skip Binplace:
1>Skip Binplace:
1>
1>Stop.
